\BOOKMARK [0][-]{chapter.1}{Einleitung}{}% 1
\BOOKMARK [1][-]{section.1.1}{Motivation}{chapter.1}% 2
\BOOKMARK [1][-]{section.1.2}{Problemstellung}{chapter.1}% 3
\BOOKMARK [1][-]{section.1.3}{Zielsetzung}{chapter.1}% 4
\BOOKMARK [1][-]{section.1.4}{Aufbau der Arbeit}{chapter.1}% 5
\BOOKMARK [0][-]{chapter.2}{Grundlagen, Analyse von Use Cases zur Dokument\344hnlichkeitsbestimmung}{}% 6
\BOOKMARK [1][-]{section.2.1}{Grundlagen der Informationsr\374ckgewinnung}{chapter.2}% 7
\BOOKMARK [2][-]{subsection.2.1.1}{Definition}{section.2.1}% 8
\BOOKMARK [2][-]{subsection.2.1.2}{Nutzen}{section.2.1}% 9
\BOOKMARK [2][-]{subsection.2.1.3}{Mechanismus}{section.2.1}% 10
\BOOKMARK [2][-]{subsection.2.1.4}{Informationsr\374ckgewinnungsmodelle}{section.2.1}% 11
\BOOKMARK [2][-]{subsection.2.1.5}{Web Informationsr\374ckgewinnung}{section.2.1}% 12
\BOOKMARK [1][-]{section.2.2}{Grundlagen der Bayesschen Statistik}{chapter.2}% 13
\BOOKMARK [2][-]{subsection.2.2.1}{Definition und Hintergrund}{section.2.2}% 14
\BOOKMARK [2][-]{subsection.2.2.2}{Anwendungsgebiete und Nutzen}{section.2.2}% 15
\BOOKMARK [2][-]{subsection.2.2.3}{Modelle, Parameter und \334berzeugungen}{section.2.2}% 16
\BOOKMARK [2][-]{subsection.2.2.4}{Die Wahrscheinlichkeit}{section.2.2}% 17
\BOOKMARK [2][-]{subsection.2.2.5}{Der Satz von Bayes}{section.2.2}% 18
\BOOKMARK [1][-]{section.2.3}{Analyse von Use Cases f\374r die Dokument\344hnlichkeitsbestimmung}{chapter.2}% 19
\BOOKMARK [2][-]{subsection.2.3.1}{Finden von Dokumenten mit \344hnlichen Inhalten\(Duplikaten Findung\)}{section.2.3}% 20
\BOOKMARK [2][-]{subsection.2.3.2}{Verwendung von a priori Wissen}{section.2.3}% 21
\BOOKMARK [2][-]{subsection.2.3.3}{System\374bergreifende \214Fremdschl\374ssel"}{section.2.3}% 22
\BOOKMARK [2][-]{subsection.2.3.4}{Profil Matching}{section.2.3}% 23
\BOOKMARK [2][-]{subsection.2.3.5}{Email Klassifikation \(Spamfilter\)}{section.2.3}% 24
\BOOKMARK [1][-]{section.2.4}{Analyse existierender Ans\344tze zur Dokument\344hnlichkeitsbestimmung basierend auf Bayesscher Statistik}{chapter.2}% 25
\BOOKMARK [2][-]{subsection.2.4.1}{More Like This}{section.2.4}% 26
\BOOKMARK [2][-]{subsection.2.4.2}{Naive Bayes}{section.2.4}% 27
\BOOKMARK [2][-]{subsection.2.4.3}{BayesLSH}{section.2.4}% 28
\BOOKMARK [0][-]{chapter.3}{Die Informationsr\374ckgewinnung-Middleware-L\366sung}{}% 29
\BOOKMARK [1][-]{section.3.1}{Vorstellung}{chapter.3}% 30
\BOOKMARK [1][-]{section.3.2}{Anforderungen}{chapter.3}% 31
\BOOKMARK [2][-]{subsection.3.2.1}{Funktionelle Anforderungen}{section.3.2}% 32
\BOOKMARK [2][-]{subsection.3.2.2}{Nicht funktionelle Anforderungen}{section.3.2}% 33
\BOOKMARK [2][-]{subsection.3.2.3}{Plattformanforderungen}{section.3.2}% 34
\BOOKMARK [2][-]{subsection.3.2.4}{Komponentenanforderungen}{section.3.2}% 35
\BOOKMARK [2][-]{subsection.3.2.5}{Anforderungen an dem \304hnlichkeitsalgorithmus}{section.3.2}% 36
\BOOKMARK [1][-]{section.3.3}{High-Level Architektur}{chapter.3}% 37
\BOOKMARK [0][-]{chapter.4}{Auswahl von Ans\344tzen zur Dokument\344hnlichkeitsbestimmung in der Information-Retrieval-Middleware-L\366sung}{}% 38
\BOOKMARK [1][-]{section.4.1}{Kriterien der Auswahl}{chapter.4}% 39
\BOOKMARK [1][-]{section.4.2}{Funktionsweise des Ansatzes}{chapter.4}% 40
\BOOKMARK [0][-]{chapter.5}{Implementierung einer Teilmenge ausgew\344hlten Ans\344tzen}{}% 41
\BOOKMARK [0][-]{chapter.6}{Evaluierung der Skalierbarkeit von den realisierten Ans\344tzen basierend auf ausgew\344hlten Probendaten}{}% 42
\BOOKMARK [1][-]{section.6.1}{F\344higkeiten und Grenzen ausgew\344hlter Ans\344tze}{chapter.6}% 43
\BOOKMARK [0][-]{chapter.7}{zusammenfassung und Ausblick}{}% 44
\BOOKMARK [0][-]{appendix.A}{Components}{}% 45
\BOOKMARK [1][-]{section.A.1}{CDASMix MySQL Proxy}{appendix.A}% 46
\BOOKMARK [1][-]{section.A.2}{CDASMix Camel JDBC}{appendix.A}% 47
\BOOKMARK [0][-]{appendix.B}{Messages}{}% 48
\BOOKMARK [1][-]{section.B.1}{Normalized Message Format Content Description}{appendix.B}% 49
\BOOKMARK [1][-]{section.B.2}{MySQL TCP Stream}{appendix.B}% 50
\BOOKMARK [0][-]{chapter*.24}{Bibliography}{}% 51
